<?xml version="1.0" encoding="UTF-8"?>
<!-- Generated by org.testng.reporters.JUnitReportReporter -->
<testsuite hostname="DESKTOP-0GSUHQ0" failures="0" tests="1" name="amazon_Automation.AmazonAutomationTest" time="57.492" errors="0" timestamp="2020-10-07T13:43:44 IST" skipped="0">
  <testcase classname="amazon_Automation.AmazonAutomationTest" name="amazonTest" time="57.492"/>
  <system-out/>
</testsuite> <!-- amazon_Automation.AmazonAutomationTest -->
