<?xml version="1.0" encoding="UTF-8"?>
<!-- Generated by org.testng.reporters.JUnitReportReporter -->
<testsuite hostname="DESKTOP-0GSUHQ0" failures="0" tests="1" name="UserLookUP.FriendList" time="21.619" errors="0" timestamp="2020-10-29T10:57:11 IST" skipped="0">
  <testcase classname="UserLookUP.FriendList" name="fetch_Friend_List" time="21.619"/>
  <system-out/>
</testsuite> <!-- UserLookUP.FriendList -->
