<?xml version="1.0" encoding="UTF-8"?>
<!-- Generated by org.testng.reporters.JUnitReportReporter -->
<testsuite hostname="DESKTOP-0GSUHQ0" failures="0" tests="1" name="Trends.GetTrends" time="13.716" errors="0" timestamp="2020-10-29T10:30:37 IST" skipped="0">
  <testcase classname="Trends.GetTrends" name="getTrends" time="13.716"/>
  <system-out/>
</testsuite> <!-- Trends.GetTrends -->
