<?xml version="1.0" encoding="UTF-8"?>
<!-- Generated by org.testng.reporters.JUnitReportReporter -->
<testsuite hostname="DESKTOP-0GSUHQ0" failures="0" tests="1" name="UserLookUP.LookUpByName" time="11.498" errors="0" timestamp="2020-10-29T13:54:22 IST" skipped="0">
  <testcase classname="UserLookUP.LookUpByName" name="fetch_query_detail" time="11.498"/>
  <system-out/>
</testsuite> <!-- UserLookUP.LookUpByName -->
