<?xml version="1.0" encoding="UTF-8"?>
<!-- Generated by org.testng.reporters.JUnitReportReporter -->
<testsuite hostname="DESKTOP-0GSUHQ0" failures="0" tests="1" name="GetAPI.TweetByID" time="16.406" errors="0" timestamp="2020-10-29T15:21:46 IST" skipped="0">
  <testcase classname="GetAPI.TweetByID" name="getTweetByID" time="16.406"/>
  <system-out/>
</testsuite> <!-- GetAPI.TweetByID -->
