<?xml version="1.0" encoding="UTF-8"?>
<!-- Generated by org.testng.reporters.JUnitReportReporter -->
<testsuite hostname="DESKTOP-0GSUHQ0" failures="0" tests="1" name="PostAPI.PostTweet" time="13.211" errors="0" timestamp="2020-10-29T15:51:30 IST" skipped="0">
  <testcase classname="PostAPI.PostTweet" name="postTweet" time="13.211"/>
  <system-out/>
</testsuite> <!-- PostAPI.PostTweet -->
