<?xml version="1.0" encoding="UTF-8"?>
<!-- Generated by org.testng.reporters.JUnitReportReporter -->
<testsuite hostname="DESKTOP-0GSUHQ0" failures="0" tests="1" name="GetAPI.TweetsLookUp" time="17.174" errors="0" timestamp="2020-10-29T15:24:43 IST" skipped="0">
  <testcase classname="GetAPI.TweetsLookUp" name="tweetLookUp" time="17.174"/>
  <system-out/>
</testsuite> <!-- GetAPI.TweetsLookUp -->
