<?xml version="1.0" encoding="UTF-8"?>
<!-- Generated by org.testng.reporters.JUnitReportReporter -->
<testsuite hostname="DESKTOP-0GSUHQ0" failures="0" tests="1" name="User.UserSettings" time="22.208" errors="0" timestamp="2020-10-29T12:19:43 IST" skipped="0">
  <testcase classname="User.UserSettings" name="get_User_Settings_details" time="22.208"/>
  <system-out/>
</testsuite> <!-- User.UserSettings -->
