<?xml version="1.0" encoding="UTF-8"?>
<!-- Generated by org.testng.reporters.JUnitReportReporter -->
<testsuite hostname="DESKTOP-0GSUHQ0" failures="0" tests="1" name="GetAPI.TweetsLookUp" time="13.725" errors="0" timestamp="2020-10-28T17:46:49 IST" skipped="0">
  <testcase classname="GetAPI.TweetsLookUp" name="tweetLookUp" time="13.725"/>
  <system-out/>
</testsuite> <!-- GetAPI.TweetsLookUp -->
