<?xml version="1.0" encoding="UTF-8"?>
<!-- Generated by org.testng.reporters.JUnitReportReporter -->
<testsuite hostname="DESKTOP-0GSUHQ0" failures="0" tests="1" name="User.GetProfileBanner" time="17.322" errors="0" timestamp="2020-10-29T12:36:56 IST" skipped="0">
  <testcase classname="User.GetProfileBanner" name="get_user_profile_banner" time="17.322"/>
  <system-out/>
</testsuite> <!-- User.GetProfileBanner -->
