<?xml version="1.0" encoding="UTF-8"?>
<!-- Generated by org.testng.reporters.JUnitReportReporter -->
<testsuite hostname="DESKTOP-0GSUHQ0" failures="0" tests="1" name="GetAPI.ReTweetStatus" time="13.946" errors="0" timestamp="2020-10-28T17:52:14 IST" skipped="0">
  <testcase classname="GetAPI.ReTweetStatus" name="reTweetStatus" time="13.946"/>
  <system-out/>
</testsuite> <!-- GetAPI.ReTweetStatus -->
