<?xml version="1.0" encoding="UTF-8"?>
<!-- Generated by org.testng.reporters.JUnitReportReporter -->
<testsuite hostname="DESKTOP-0GSUHQ0" failures="0" tests="1" name="ReadFileData.FetchKeys" time="0.047" errors="0" timestamp="2020-10-28T17:14:29 IST" skipped="0">
  <testcase classname="ReadFileData.FetchKeys" name="a_fetchKeys" time="0.047"/>
  <system-out/>
</testsuite> <!-- ReadFileData.FetchKeys -->
