<?xml version="1.0" encoding="UTF-8"?>
<!-- Generated by org.testng.reporters.JUnitReportReporter -->
<testsuite hostname="DESKTOP-0GSUHQ0" failures="0" tests="1" name="GetAPI.LikedTweets" time="12.902" errors="0" timestamp="2020-10-29T15:15:07 IST" skipped="0">
  <testcase classname="GetAPI.LikedTweets" name="getLikedTweets" time="12.902"/>
  <system-out/>
</testsuite> <!-- GetAPI.LikedTweets -->
