<?xml version="1.0" encoding="UTF-8"?>
<!-- Generated by org.testng.reporters.JUnitReportReporter -->
<testsuite hostname="DESKTOP-0GSUHQ0" failures="0" tests="1" name="PostAPI.PostTweet" time="19.506" errors="0" timestamp="2020-10-28T18:00:45 IST" skipped="0">
  <testcase classname="PostAPI.PostTweet" name="postTweet" time="19.506"/>
  <system-out/>
</testsuite> <!-- PostAPI.PostTweet -->
