<?xml version="1.0" encoding="UTF-8"?>
<!-- Generated by org.testng.reporters.JUnitReportReporter -->
<testsuite hostname="DESKTOP-0GSUHQ0" failures="0" tests="1" name="GetAPI.LikedTweets" time="14.735" errors="0" timestamp="2020-10-28T17:50:19 IST" skipped="0">
  <testcase classname="GetAPI.LikedTweets" name="getLikedTweets" time="14.735"/>
  <system-out/>
</testsuite> <!-- GetAPI.LikedTweets -->
