<?xml version="1.0" encoding="UTF-8"?>
<!-- Generated by org.testng.reporters.JUnitReportReporter -->
<testsuite hostname="DESKTOP-0GSUHQ0" failures="0" tests="1" name="User.UpdateProfileBanner" time="15.648" errors="0" timestamp="2020-10-29T13:14:50 IST" skipped="0">
  <testcase classname="User.UpdateProfileBanner" name="update_user_profile_banner" time="15.648"/>
  <system-out/>
</testsuite> <!-- User.UpdateProfileBanner -->
